Compiling the C compiler identification source file "CMakeCCompilerId.c" failed.
Compiler: /bin/arm-none-eabi-gcc-7.3.1 
Build flags: 
Id flags:  

The output was:
1
/usr/lib/gcc/arm-none-eabi/7.3.1/../../../arm-none-eabi/bin/ld: /usr/lib/gcc/arm-none-eabi/7.3.1/../../../arm-none-eabi/lib/libc.a(lib_a-exit.o): in function `exit':
/tmp/building/package/build/arm-none-eabi/newlib/libc/stdlib/../../../../../newlib/libc/stdlib/exit.c:64: undefined reference to `_exit'
collect2: error: ld returned 1 exit status


Determining if the C compiler works failed with the following output:
Change Dir: /home/pi/projects/tempdisplay/build/CMakeFiles/CMakeTmp

Run Build Command(s):/usr/bin/make cmTC_3de09/fast && /usr/bin/make -f CMakeFiles/cmTC_3de09.dir/build.make CMakeFiles/cmTC_3de09.dir/build
make[1]: Entering directory '/home/pi/projects/tempdisplay/build/CMakeFiles/CMakeTmp'
Building C object CMakeFiles/cmTC_3de09.dir/testCCompiler.c.o
/bin/arm-none-eabi-gcc-7.3.1    -o CMakeFiles/cmTC_3de09.dir/testCCompiler.c.o   -c /home/pi/projects/tempdisplay/build/CMakeFiles/CMakeTmp/testCCompiler.c
Linking C executable cmTC_3de09
/usr/bin/cmake -E cmake_link_script CMakeFiles/cmTC_3de09.dir/link.txt --verbose=1
/bin/arm-none-eabi-gcc-7.3.1      -rdynamic CMakeFiles/cmTC_3de09.dir/testCCompiler.c.o  -o cmTC_3de09 
arm-none-eabi-gcc-7.3.1: error: unrecognized command line option '-rdynamic'
make[1]: *** [CMakeFiles/cmTC_3de09.dir/build.make:87: cmTC_3de09] Error 1
make[1]: Leaving directory '/home/pi/projects/tempdisplay/build/CMakeFiles/CMakeTmp'
make: *** [Makefile:121: cmTC_3de09/fast] Error 2



Compiling the C compiler identification source file "CMakeCCompilerId.c" failed.
Compiler: /bin/arm-none-eabi-gcc-7.3.1 
Build flags: 
Id flags:  

The output was:
1
/usr/lib/gcc/arm-none-eabi/7.3.1/../../../arm-none-eabi/bin/ld: /usr/lib/gcc/arm-none-eabi/7.3.1/../../../arm-none-eabi/lib/libc.a(lib_a-exit.o): in function `exit':
/tmp/building/package/build/arm-none-eabi/newlib/libc/stdlib/../../../../../newlib/libc/stdlib/exit.c:64: undefined reference to `_exit'
collect2: error: ld returned 1 exit status


Determining if the C compiler works failed with the following output:
Change Dir: /home/pi/projects/tempdisplay/build/CMakeFiles/CMakeTmp

Run Build Command(s):/usr/bin/make cmTC_70412/fast && /usr/bin/make -f CMakeFiles/cmTC_70412.dir/build.make CMakeFiles/cmTC_70412.dir/build
make[1]: Entering directory '/home/pi/projects/tempdisplay/build/CMakeFiles/CMakeTmp'
Building C object CMakeFiles/cmTC_70412.dir/testCCompiler.c.o
/bin/arm-none-eabi-gcc-7.3.1   -std=gnu11 -o CMakeFiles/cmTC_70412.dir/testCCompiler.c.o   -c /home/pi/projects/tempdisplay/build/CMakeFiles/CMakeTmp/testCCompiler.c
Linking C executable cmTC_70412
/usr/bin/cmake -E cmake_link_script CMakeFiles/cmTC_70412.dir/link.txt --verbose=1
/bin/arm-none-eabi-gcc-7.3.1      CMakeFiles/cmTC_70412.dir/testCCompiler.c.o  -o cmTC_70412 
/usr/lib/gcc/arm-none-eabi/7.3.1/../../../arm-none-eabi/bin/ld: /usr/lib/gcc/arm-none-eabi/7.3.1/../../../arm-none-eabi/lib/libc.a(lib_a-exit.o): in function `exit':
/tmp/building/package/build/arm-none-eabi/newlib/libc/stdlib/../../../../../newlib/libc/stdlib/exit.c:64: undefined reference to `_exit'
collect2: error: ld returned 1 exit status
make[1]: *** [CMakeFiles/cmTC_70412.dir/build.make:87: cmTC_70412] Error 1
make[1]: Leaving directory '/home/pi/projects/tempdisplay/build/CMakeFiles/CMakeTmp'
make: *** [Makefile:121: cmTC_70412/fast] Error 2



Compiling the C compiler identification source file "CMakeCCompilerId.c" failed.
Compiler: /bin/arm-none-eabi-gcc-7.3.1 
Build flags: 
Id flags:  

The output was:
1
/usr/lib/gcc/arm-none-eabi/7.3.1/../../../arm-none-eabi/bin/ld: /usr/lib/gcc/arm-none-eabi/7.3.1/../../../arm-none-eabi/lib/libc.a(lib_a-exit.o): in function `exit':
/tmp/building/package/build/arm-none-eabi/newlib/libc/stdlib/../../../../../newlib/libc/stdlib/exit.c:64: undefined reference to `_exit'
collect2: error: ld returned 1 exit status


Determining if the C compiler works failed with the following output:
Change Dir: /home/pi/projects/tempdisplay/build/CMakeFiles/CMakeTmp

Run Build Command(s):/usr/bin/make cmTC_5e0cc/fast && /usr/bin/make -f CMakeFiles/cmTC_5e0cc.dir/build.make CMakeFiles/cmTC_5e0cc.dir/build
make[1]: Entering directory '/home/pi/projects/tempdisplay/build/CMakeFiles/CMakeTmp'
Building C object CMakeFiles/cmTC_5e0cc.dir/testCCompiler.c.o
/bin/arm-none-eabi-gcc-7.3.1   -std=gnu11 -o CMakeFiles/cmTC_5e0cc.dir/testCCompiler.c.o   -c /home/pi/projects/tempdisplay/build/CMakeFiles/CMakeTmp/testCCompiler.c
Linking C executable cmTC_5e0cc
/usr/bin/cmake -E cmake_link_script CMakeFiles/cmTC_5e0cc.dir/link.txt --verbose=1
/bin/arm-none-eabi-gcc-7.3.1      CMakeFiles/cmTC_5e0cc.dir/testCCompiler.c.o  -o cmTC_5e0cc 
/usr/lib/gcc/arm-none-eabi/7.3.1/../../../arm-none-eabi/bin/ld: /usr/lib/gcc/arm-none-eabi/7.3.1/../../../arm-none-eabi/lib/libc.a(lib_a-exit.o): in function `exit':
/tmp/building/package/build/arm-none-eabi/newlib/libc/stdlib/../../../../../newlib/libc/stdlib/exit.c:64: undefined reference to `_exit'
collect2: error: ld returned 1 exit status
make[1]: *** [CMakeFiles/cmTC_5e0cc.dir/build.make:87: cmTC_5e0cc] Error 1
make[1]: Leaving directory '/home/pi/projects/tempdisplay/build/CMakeFiles/CMakeTmp'
make: *** [Makefile:121: cmTC_5e0cc/fast] Error 2



Compiling the C compiler identification source file "CMakeCCompilerId.c" failed.
Compiler: /bin/arm-none-eabi-gcc-7.3.1 
Build flags: 
Id flags:  

The output was:
1
/usr/lib/gcc/arm-none-eabi/7.3.1/../../../arm-none-eabi/bin/ld: /usr/lib/gcc/arm-none-eabi/7.3.1/../../../arm-none-eabi/lib/libc.a(lib_a-exit.o): in function `exit':
/tmp/building/package/build/arm-none-eabi/newlib/libc/stdlib/../../../../../newlib/libc/stdlib/exit.c:64: undefined reference to `_exit'
collect2: error: ld returned 1 exit status


Determining if the C compiler works failed with the following output:
Change Dir: /home/pi/projects/tempdisplay/build/CMakeFiles/CMakeTmp

Run Build Command(s):/usr/bin/make cmTC_d0350/fast && /usr/bin/make -f CMakeFiles/cmTC_d0350.dir/build.make CMakeFiles/cmTC_d0350.dir/build
make[1]: Entering directory '/home/pi/projects/tempdisplay/build/CMakeFiles/CMakeTmp'
Building C object CMakeFiles/cmTC_d0350.dir/testCCompiler.c.o
/bin/arm-none-eabi-gcc-7.3.1   -std=gnu11 -o CMakeFiles/cmTC_d0350.dir/testCCompiler.c.o   -c /home/pi/projects/tempdisplay/build/CMakeFiles/CMakeTmp/testCCompiler.c
Linking C executable cmTC_d0350
/usr/bin/cmake -E cmake_link_script CMakeFiles/cmTC_d0350.dir/link.txt --verbose=1
/bin/arm-none-eabi-gcc-7.3.1      CMakeFiles/cmTC_d0350.dir/testCCompiler.c.o  -o cmTC_d0350 
/usr/lib/gcc/arm-none-eabi/7.3.1/../../../arm-none-eabi/bin/ld: /usr/lib/gcc/arm-none-eabi/7.3.1/../../../arm-none-eabi/lib/libc.a(lib_a-exit.o): in function `exit':
/tmp/building/package/build/arm-none-eabi/newlib/libc/stdlib/../../../../../newlib/libc/stdlib/exit.c:64: undefined reference to `_exit'
collect2: error: ld returned 1 exit status
make[1]: *** [CMakeFiles/cmTC_d0350.dir/build.make:87: cmTC_d0350] Error 1
make[1]: Leaving directory '/home/pi/projects/tempdisplay/build/CMakeFiles/CMakeTmp'
make: *** [Makefile:121: cmTC_d0350/fast] Error 2



Compiling the C compiler identification source file "CMakeCCompilerId.c" failed.
Compiler: /bin/arm-none-eabi-gcc-7.3.1 
Build flags: 
Id flags:  

The output was:
1
/usr/lib/gcc/arm-none-eabi/7.3.1/../../../arm-none-eabi/bin/ld: /usr/lib/gcc/arm-none-eabi/7.3.1/../../../arm-none-eabi/lib/libc.a(lib_a-exit.o): in function `exit':
/tmp/building/package/build/arm-none-eabi/newlib/libc/stdlib/../../../../../newlib/libc/stdlib/exit.c:64: undefined reference to `_exit'
collect2: error: ld returned 1 exit status


Determining if the C compiler works failed with the following output:
Change Dir: /home/pi/projects/tempdisplay/build/CMakeFiles/CMakeTmp

Run Build Command(s):/usr/bin/make cmTC_66732/fast && /usr/bin/make -f CMakeFiles/cmTC_66732.dir/build.make CMakeFiles/cmTC_66732.dir/build
make[1]: Entering directory '/home/pi/projects/tempdisplay/build/CMakeFiles/CMakeTmp'
Building C object CMakeFiles/cmTC_66732.dir/testCCompiler.c.o
/bin/arm-none-eabi-gcc-7.3.1   -std=gnu11 -o CMakeFiles/cmTC_66732.dir/testCCompiler.c.o   -c /home/pi/projects/tempdisplay/build/CMakeFiles/CMakeTmp/testCCompiler.c
Linking C executable cmTC_66732
/usr/bin/cmake -E cmake_link_script CMakeFiles/cmTC_66732.dir/link.txt --verbose=1
/bin/arm-none-eabi-gcc-7.3.1      CMakeFiles/cmTC_66732.dir/testCCompiler.c.o  -o cmTC_66732 
/usr/lib/gcc/arm-none-eabi/7.3.1/../../../arm-none-eabi/bin/ld: /usr/lib/gcc/arm-none-eabi/7.3.1/../../../arm-none-eabi/lib/libc.a(lib_a-exit.o): in function `exit':
/tmp/building/package/build/arm-none-eabi/newlib/libc/stdlib/../../../../../newlib/libc/stdlib/exit.c:64: undefined reference to `_exit'
collect2: error: ld returned 1 exit status
make[1]: *** [CMakeFiles/cmTC_66732.dir/build.make:87: cmTC_66732] Error 1
make[1]: Leaving directory '/home/pi/projects/tempdisplay/build/CMakeFiles/CMakeTmp'
make: *** [Makefile:121: cmTC_66732/fast] Error 2



